###############################################################################
#                                                                             #
# IAR 8051 C/C++ Compiler V7.30B/W32                    30/May/2011  19:00:21 #
# Copyright 2004-2007 IAR Systems. All rights reserved.                       #
#                                                                             #
#    Core               =  plain                                              #
#    Code model         =  banked                                             #
#    Data model         =  large                                              #
#    Calling convention =  xdata reentrant                                    #
#    Constant location  =  data                                               #
#    Dptr setup         =  1,16                                               #
#    Source file        =  C:\Documents and Settings\Administrator\×ÀÃæ\proje #
#                          ct\513\hit_wsn_2.0\Components\mac\low_level\srf03\ #
#                          mac_random.c                                       #
#    Command line       =  -f "C:\Documents and Settings\Administrator\×ÀÃæ\p #
#                          roject\513\hit_wsn_2.0\Projects\zstack\Samples\Rou #
#                          ter_v2\CC2430DB\..\..\..\Tools\CC2430DB\f8wRouter. #
#                          cfg" (-DCPU32MHZ -DFORCE_MAC_NEAR                  #
#                          -DROOT=__near_func -DMAC_CFG_APP_PENDING_QUEUE=TRU #
#                          E -DRTR_NWK -DBLINK_LEDS "-DCONST=const __code"    #
#                          -DGENERIC=__generic) -f "C:\Documents and          #
#                          Settings\Administrator\×ÀÃæ\project\513\hit_wsn_2. #
#                          0\Projects\zstack\Samples\Router_v2\CC2430DB\..\.. #
#                          \..\Tools\CC2430DB\f8wConfig.cfg" (-DSECURE=0      #
#                          -DDEFAULT_CHANLIST=0x00000800                      #
#                          -DZDAPP_CONFIG_PAN_ID=0xFFFF                       #
#                          -DNWK_START_DELAY=100 -DEXTENDED_JOINING_RANDOM_MA #
#                          SK=0x007F -DBEACON_REQUEST_DELAY=100               #
#                          -DBEACON_REQ_DELAY_MASK=0x00FF                     #
#                          -DROUTE_EXPIRY_TIME=30 -DAPSC_ACK_WAIT_DURATION_PO #
#                          LLED=3000 -DNWK_INDIRECT_MSG_TIMEOUT=7             #
#                          -DMAX_RREQ_ENTRIES=10 -DAPSC_MAX_FRAME_RETRIES=3   #
#                          -DNWK_MAX_DATA_RETRIES=2                           #
#                          -DMAX_POLL_FAILURE_RETRIES=2 -DMAX_BCAST=9         #
#                          -DAPS_MAX_GROUPS=16 -DMAX_RTG_ENTRIES=20           #
#                          -DNWK_MAX_BINDING_ENTRIES=10                       #
#                          -DMAX_BINDING_CLUSTER_IDS=5 "-DDEFAULT_KEY={0x01,  #
#                          0x03, 0x05, 0x07, 0x09, 0x0B, 0x0D, 0x0F, 0x00,    #
#                          0x02, 0x04, 0x06, 0x08, 0x0A, 0x0C, 0x0D}"         #
#                          -DRFD_RCVC_ALWAYS_ON=FALSE -DPOLL_RATE=1000        #
#                          -DQUEUED_POLL_RATE=100 -DRESPONSE_POLL_RATE=100)   #
#                          -DREJOIN_POLL_RATE=440 "C:\Documents and           #
#                          Settings\Administrator\×ÀÃæ\project\513\hit_wsn_2. #
#                          0\Components\mac\low_level\srf03\mac_random.c" -D  #
#                          CC2430EB -D REFLECTOR -D ZTOOL_P1 -D MT_TASK -D    #
#                          MT_ZDO_FUNC -D LCD_SUPPORTED=DEBUG -lC             #
#                          "C:\Documents and Settings\Administrator\×ÀÃæ\proj #
#                          ect\513\hit_wsn_2.0\Projects\zstack\Samples\Router #
#                          _v2\CC2430DB\RouterEB\List\" -lA "C:\Documents     #
#                          and Settings\Administrator\×ÀÃæ\project\513\hit_ws #
#                          n_2.0\Projects\zstack\Samples\Router_v2\CC2430DB\R #
#                          outerEB\List\" --diag_suppress Pe001,Pa010         #
#                          --diag_remark pe550 -o "C:\Documents and           #
#                          Settings\Administrator\×ÀÃæ\project\513\hit_wsn_2. #
#                          0\Projects\zstack\Samples\Router_v2\CC2430DB\Route #
#                          rEB\Obj\" -e -z9 --no_code_motion --debug          #
#                          --core=plain --dptr=16,1 --data_model=large        #
#                          --code_model=banked --calling_convention=xdata_ree #
#                          ntrant --place_constants=data --nr_virtual_regs 8  #
#                          -I "C:\Documents and Settings\Administrator\×ÀÃæ\p #
#                          roject\513\hit_wsn_2.0\Projects\zstack\Samples\Rou #
#                          ter_v2\CC2430DB\" -I "C:\Documents and             #
#                          Settings\Administrator\×ÀÃæ\project\513\hit_wsn_2. #
#                          0\Projects\zstack\Samples\Router_v2\CC2430DB\..\SO #
#                          URCE\" -I "C:\Documents and                        #
#                          Settings\Administrator\×ÀÃæ\project\513\hit_wsn_2. #
#                          0\Projects\zstack\Samples\Router_v2\CC2430DB\..\.. #
#                          \..\ZMAIN\TI2430DB\" -I "C:\Documents and          #
#                          Settings\Administrator\×ÀÃæ\project\513\hit_wsn_2. #
#                          0\Projects\zstack\Samples\Router_v2\CC2430DB\..\.. #
#                          \..\..\..\COMPONENTS\MT\" -I "C:\Documents and     #
#                          Settings\Administrator\×ÀÃæ\project\513\hit_wsn_2. #
#                          0\Projects\zstack\Samples\Router_v2\CC2430DB\..\.. #
#                          \..\..\..\COMPONENTS\HAL\INCLUDE\" -I              #
#                          "C:\Documents and Settings\Administrator\×ÀÃæ\proj #
#                          ect\513\hit_wsn_2.0\Projects\zstack\Samples\Router #
#                          _v2\CC2430DB\..\..\..\..\..\COMPONENTS\HAL\TARGET\ #
#                          CC2430EB\" -I "C:\Documents and                    #
#                          Settings\Administrator\×ÀÃæ\project\513\hit_wsn_2. #
#                          0\Projects\zstack\Samples\Router_v2\CC2430DB\..\.. #
#                          \..\..\..\COMPONENTS\OSAL\MCU\CCSOC\" -I           #
#                          "C:\Documents and Settings\Administrator\×ÀÃæ\proj #
#                          ect\513\hit_wsn_2.0\Projects\zstack\Samples\Router #
#                          _v2\CC2430DB\..\..\..\..\..\COMPONENTS\OSAL\INCLUD #
#                          E\" -I "C:\Documents and                           #
#                          Settings\Administrator\×ÀÃæ\project\513\hit_wsn_2. #
#                          0\Projects\zstack\Samples\Router_v2\CC2430DB\..\.. #
#                          \..\..\..\COMPONENTS\STACK\AF\" -I "C:\Documents   #
#                          and Settings\Administrator\×ÀÃæ\project\513\hit_ws #
#                          n_2.0\Projects\zstack\Samples\Router_v2\CC2430DB\. #
#                          .\..\..\..\..\COMPONENTS\STACK\NWK\" -I            #
#                          "C:\Documents and Settings\Administrator\×ÀÃæ\proj #
#                          ect\513\hit_wsn_2.0\Projects\zstack\Samples\Router #
#                          _v2\CC2430DB\..\..\..\..\..\COMPONENTS\STACK\SEC\" #
#                           -I "C:\Documents and Settings\Administrator\×ÀÃæ\ #
#                          project\513\hit_wsn_2.0\Projects\zstack\Samples\Ro #
#                          uter_v2\CC2430DB\..\..\..\..\..\COMPONENTS\STACK\S #
#                          YS\" -I "C:\Documents and                          #
#                          Settings\Administrator\×ÀÃæ\project\513\hit_wsn_2. #
#                          0\Projects\zstack\Samples\Router_v2\CC2430DB\..\.. #
#                          \..\..\..\COMPONENTS\STACK\ZDO\" -I "C:\Documents  #
#                          and Settings\Administrator\×ÀÃæ\project\513\hit_ws #
#                          n_2.0\Projects\zstack\Samples\Router_v2\CC2430DB\. #
#                          .\..\..\..\..\COMPONENTS\ZMAC\F8W\" -I             #
#                          "C:\Documents and Settings\Administrator\×ÀÃæ\proj #
#                          ect\513\hit_wsn_2.0\Projects\zstack\Samples\Router #
#                          _v2\CC2430DB\..\..\..\..\..\COMPONENTS\ZMAC\" -I   #
#                          "C:\Documents and Settings\Administrator\×ÀÃæ\proj #
#                          ect\513\hit_wsn_2.0\Projects\zstack\Samples\Router #
#                          _v2\CC2430DB\..\..\..\..\..\COMPONENTS\SERVICES\SA #
#                          DDR\" -I "C:\Documents and                         #
#                          Settings\Administrator\×ÀÃæ\project\513\hit_wsn_2. #
#                          0\Projects\zstack\Samples\Router_v2\CC2430DB\..\.. #
#                          \..\..\..\COMPONENTS\SERVICES\SDATA\" -I           #
#                          "C:\Documents and Settings\Administrator\×ÀÃæ\proj #
#                          ect\513\hit_wsn_2.0\Projects\zstack\Samples\Router #
#                          _v2\CC2430DB\..\..\..\..\..\COMPONENTS\MAC\INCLUDE #
#                          \" -I "C:\Documents and Settings\Administrator\×ÀÃ #
#                          æ\project\513\hit_wsn_2.0\Projects\zstack\Samples\ #
#                          Router_v2\CC2430DB\..\..\..\..\..\COMPONENTS\MAC\H #
#                          IGH_LEVEL\" -I "C:\Documents and                   #
#                          Settings\Administrator\×ÀÃæ\project\513\hit_wsn_2. #
#                          0\Projects\zstack\Samples\Router_v2\CC2430DB\..\.. #
#                          \..\..\..\COMPONENTS\MAC\LOW_LEVEL\SRF03\" -I      #
#                          "C:\Documents and Settings\Administrator\×ÀÃæ\proj #
#                          ect\513\hit_wsn_2.0\Projects\zstack\Samples\Router #
#                          _v2\CC2430DB\..\..\..\..\..\COMPONENTS\MAC\LOW_LEV #
#                          EL\SRF03\SINGLE_CHIP\" -I "C:\Program Files\IAR    #
#                          Systems\Embedded Workbench 4.0 Evaluation          #
#                          version\8051\INC\" -I "C:\Program Files\IAR        #
#                          Systems\Embedded Workbench 4.0 Evaluation          #
#                          version\8051\INC\CLIB\"                            #
#    List file          =  C:\Documents and Settings\Administrator\×ÀÃæ\proje #
#                          ct\513\hit_wsn_2.0\Projects\zstack\Samples\Router_ #
#                          v2\CC2430DB\RouterEB\List\mac_random.lst           #
#    Object file        =  C:\Documents and Settings\Administrator\×ÀÃæ\proje #
#                          ct\513\hit_wsn_2.0\Projects\zstack\Samples\Router_ #
#                          v2\CC2430DB\RouterEB\Obj\mac_random.r51            #
#                                                                             #
#                                                                             #
###############################################################################

C:\Documents and Settings\Administrator\×ÀÃæ\project\513\hit_wsn_2.0\Components\mac\low_level\srf03\mac_random.c
      1          /* deprecated file */


 
 
 0 bytes of memory

Errors: none
Warnings: none
