###############################################################################
#                                                                             #
# IAR 8051 C/C++ Compiler V7.30B/W32                    25/May/2011  22:45:05 #
# Copyright 2004-2007 IAR Systems. All rights reserved.                       #
#                                                                             #
#    Core               =  plain                                              #
#    Code model         =  banked                                             #
#    Data model         =  large                                              #
#    Calling convention =  xdata reentrant                                    #
#    Constant location  =  data                                               #
#    Dptr setup         =  1,16                                               #
#    Source file        =  D:\Texas Instruments\ZStack-1.4.3-1.2.1\Components #
#                          \mac\low_level\srf03\mac_random.c                  #
#    Command line       =  -f "D:\Texas Instruments\ZStack-1.4.3-1.2.1\Projec #
#                          ts\zstack\Samples\GenericApp\CC2430DB\..\..\..\Too #
#                          ls\CC2430DB\f8wCoord.cfg" (-DCPU32MHZ              #
#                          -DFORCE_MAC_NEAR -DROOT=__near_func                #
#                          -DMAC_CFG_APP_PENDING_QUEUE=TRUE                   #
#                          -DZDO_COORDINATOR -DRTR_NWK -DBLINK_LEDS           #
#                          "-DCONST=const __code" -DGENERIC=__generic) -f     #
#                          "D:\Texas Instruments\ZStack-1.4.3-1.2.1\Projects\ #
#                          zstack\Samples\GenericApp\CC2430DB\..\..\..\Tools\ #
#                          CC2430DB\f8wConfig.cfg" (-DSECURE=0                #
#                          -DDEFAULT_CHANLIST=0x00000800                      #
#                          -DZDAPP_CONFIG_PAN_ID=0xFFFF                       #
#                          -DNWK_START_DELAY=100 -DEXTENDED_JOINING_RANDOM_MA #
#                          SK=0x007F -DBEACON_REQUEST_DELAY=100               #
#                          -DBEACON_REQ_DELAY_MASK=0x00FF                     #
#                          -DROUTE_EXPIRY_TIME=30 -DAPSC_ACK_WAIT_DURATION_PO #
#                          LLED=3000 -DNWK_INDIRECT_MSG_TIMEOUT=7             #
#                          -DMAX_RREQ_ENTRIES=10 -DAPSC_MAX_FRAME_RETRIES=3   #
#                          -DNWK_MAX_DATA_RETRIES=2                           #
#                          -DMAX_POLL_FAILURE_RETRIES=2 -DMAX_BCAST=9         #
#                          -DAPS_MAX_GROUPS=16 -DMAX_RTG_ENTRIES=20           #
#                          -DNWK_MAX_BINDING_ENTRIES=10                       #
#                          -DMAX_BINDING_CLUSTER_IDS=5 "-DDEFAULT_KEY={0x01,  #
#                          0x03, 0x05, 0x07, 0x09, 0x0B, 0x0D, 0x0F, 0x00,    #
#                          0x02, 0x04, 0x06, 0x08, 0x0A, 0x0C, 0x0D}"         #
#                          -DRFD_RCVC_ALWAYS_ON=FALSE -DPOLL_RATE=1000        #
#                          -DQUEUED_POLL_RATE=100 -DRESPONSE_POLL_RATE=100)   #
#                          -DREJOIN_POLL_RATE=440 "D:\Texas                   #
#                          Instruments\ZStack-1.4.3-1.2.1\Components\mac\low_ #
#                          level\srf03\mac_random.c" -D CC2430EB -D           #
#                          REFLECTOR -D ZTOOL_P1 -D MT_TASK -D xMT_ZDO_FUNC   #
#                          -D LCD_SUPPORTED=DEBUG -lC "D:\Texas               #
#                          Instruments\ZStack-1.4.3-1.2.1\Projects\zstack\Sam #
#                          ples\GenericApp\CC2430DB\CoordinatorEB\List\" -lA  #
#                          "D:\Texas Instruments\ZStack-1.4.3-1.2.1\Projects\ #
#                          zstack\Samples\GenericApp\CC2430DB\CoordinatorEB\L #
#                          ist\" --diag_suppress Pe001,Pa010 --diag_remark    #
#                          pe550 -o "D:\Texas Instruments\ZStack-1.4.3-1.2.1\ #
#                          Projects\zstack\Samples\GenericApp\CC2430DB\Coordi #
#                          natorEB\Obj\" -e -z9 --no_code_motion --debug      #
#                          --core=plain --dptr=16,1 --data_model=large        #
#                          --code_model=banked --calling_convention=xdata_ree #
#                          ntrant --place_constants=data --nr_virtual_regs 8  #
#                          -I "D:\Texas Instruments\ZStack-1.4.3-1.2.1\Projec #
#                          ts\zstack\Samples\GenericApp\CC2430DB\" -I         #
#                          "D:\Texas Instruments\ZStack-1.4.3-1.2.1\Projects\ #
#                          zstack\Samples\GenericApp\CC2430DB\..\SOURCE\" -I  #
#                          "D:\Texas Instruments\ZStack-1.4.3-1.2.1\Projects\ #
#                          zstack\Samples\GenericApp\CC2430DB\..\..\..\ZMAIN\ #
#                          TI2430DB\" -I "D:\Texas Instruments\ZStack-1.4.3-1 #
#                          .2.1\Projects\zstack\Samples\GenericApp\CC2430DB\. #
#                          .\..\..\..\..\COMPONENTS\MT\" -I "D:\Texas         #
#                          Instruments\ZStack-1.4.3-1.2.1\Projects\zstack\Sam #
#                          ples\GenericApp\CC2430DB\..\..\..\..\..\COMPONENTS #
#                          \HAL\INCLUDE\" -I "D:\Texas                        #
#                          Instruments\ZStack-1.4.3-1.2.1\Projects\zstack\Sam #
#                          ples\GenericApp\CC2430DB\..\..\..\..\..\COMPONENTS #
#                          \HAL\TARGET\CC2430EB\" -I "D:\Texas                #
#                          Instruments\ZStack-1.4.3-1.2.1\Projects\zstack\Sam #
#                          ples\GenericApp\CC2430DB\..\..\..\..\..\COMPONENTS #
#                          \OSAL\MCU\CCSOC\" -I "D:\Texas                     #
#                          Instruments\ZStack-1.4.3-1.2.1\Projects\zstack\Sam #
#                          ples\GenericApp\CC2430DB\..\..\..\..\..\COMPONENTS #
#                          \OSAL\INCLUDE\" -I "D:\Texas                       #
#                          Instruments\ZStack-1.4.3-1.2.1\Projects\zstack\Sam #
#                          ples\GenericApp\CC2430DB\..\..\..\..\..\COMPONENTS #
#                          \STACK\AF\" -I "D:\Texas                           #
#                          Instruments\ZStack-1.4.3-1.2.1\Projects\zstack\Sam #
#                          ples\GenericApp\CC2430DB\..\..\..\..\..\COMPONENTS #
#                          \STACK\NWK\" -I "D:\Texas                          #
#                          Instruments\ZStack-1.4.3-1.2.1\Projects\zstack\Sam #
#                          ples\GenericApp\CC2430DB\..\..\..\..\..\COMPONENTS #
#                          \STACK\SEC\" -I "D:\Texas                          #
#                          Instruments\ZStack-1.4.3-1.2.1\Projects\zstack\Sam #
#                          ples\GenericApp\CC2430DB\..\..\..\..\..\COMPONENTS #
#                          \STACK\SYS\" -I "D:\Texas                          #
#                          Instruments\ZStack-1.4.3-1.2.1\Projects\zstack\Sam #
#                          ples\GenericApp\CC2430DB\..\..\..\..\..\COMPONENTS #
#                          \STACK\ZDO\" -I "D:\Texas                          #
#                          Instruments\ZStack-1.4.3-1.2.1\Projects\zstack\Sam #
#                          ples\GenericApp\CC2430DB\..\..\..\..\..\COMPONENTS #
#                          \ZMAC\F8W\" -I "D:\Texas                           #
#                          Instruments\ZStack-1.4.3-1.2.1\Projects\zstack\Sam #
#                          ples\GenericApp\CC2430DB\..\..\..\..\..\COMPONENTS #
#                          \ZMAC\" -I "D:\Texas Instruments\ZStack-1.4.3-1.2. #
#                          1\Projects\zstack\Samples\GenericApp\CC2430DB\..\. #
#                          .\..\..\..\COMPONENTS\SERVICES\SADDR\" -I          #
#                          "D:\Texas Instruments\ZStack-1.4.3-1.2.1\Projects\ #
#                          zstack\Samples\GenericApp\CC2430DB\..\..\..\..\..\ #
#                          COMPONENTS\SERVICES\SDATA\" -I "D:\Texas           #
#                          Instruments\ZStack-1.4.3-1.2.1\Projects\zstack\Sam #
#                          ples\GenericApp\CC2430DB\..\..\..\..\..\COMPONENTS #
#                          \MAC\INCLUDE\" -I "D:\Texas                        #
#                          Instruments\ZStack-1.4.3-1.2.1\Projects\zstack\Sam #
#                          ples\GenericApp\CC2430DB\..\..\..\..\..\COMPONENTS #
#                          \MAC\HIGH_LEVEL\" -I "D:\Texas                     #
#                          Instruments\ZStack-1.4.3-1.2.1\Projects\zstack\Sam #
#                          ples\GenericApp\CC2430DB\..\..\..\..\..\COMPONENTS #
#                          \MAC\LOW_LEVEL\SRF03\" -I "D:\Texas                #
#                          Instruments\ZStack-1.4.3-1.2.1\Projects\zstack\Sam #
#                          ples\GenericApp\CC2430DB\..\..\..\..\..\COMPONENTS #
#                          \MAC\LOW_LEVEL\SRF03\SINGLE_CHIP\" -I "D:\Program  #
#                          Files\IAR Systems\Embedded Workbench 4.0           #
#                          Evaluation version\8051\INC\" -I "D:\Program       #
#                          Files\IAR Systems\Embedded Workbench 4.0           #
#                          Evaluation version\8051\INC\CLIB\"                 #
#    List file          =  D:\Texas Instruments\ZStack-1.4.3-1.2.1\Projects\z #
#                          stack\Samples\GenericApp\CC2430DB\CoordinatorEB\Li #
#                          st\mac_random.lst                                  #
#    Object file        =  D:\Texas Instruments\ZStack-1.4.3-1.2.1\Projects\z #
#                          stack\Samples\GenericApp\CC2430DB\CoordinatorEB\Ob #
#                          j\mac_random.r51                                   #
#                                                                             #
#                                                                             #
###############################################################################

D:\Texas Instruments\ZStack-1.4.3-1.2.1\Components\mac\low_level\srf03\mac_random.c
      1          /* deprecated file */


 
 
 0 bytes of memory

Errors: none
Warnings: none
